<?xml version="1.0" encoding="UTF-8" ?>
<testsuite tests="5" failures="0" name="Main.CalculatorTest" time="0.003" errors="0" skipped="0">
  <properties>
[...]
</properties>
  <testcase classname="Main.CalculatorTest" name="Main.CalculatorTest.testGetMin" time="0.001"/>
  <testcase classname="Main.CalculatorTest" name="Main.CalculatorTest.testIsPositive" time="0"/>
  <testcase classname="Main.CalculatorTest" name="Main.CalculatorTest.testCalculate" time="0.002"/>
  <testcase classname="Main.CalculatorTest" name="Main.CalculatorTest.testPublicField" time="0"/>
  <testcase classname="Main.CalculatorTest" name="Main.CalculatorTest.testFindMax" time="0"/>
</testsuite>